Aug 04 2021 03:50:47
{"type":8192,"message":"Cannot use \"parent\" when current class scope has no parent","file":"D:\\xampp\\htdocs\\bdsanviet\\wp-content\\plugins\\ninja-forms\\includes\\Abstracts\\Field.php","line":214}

Aug 04 2021 03:50:48
{"type":8192,"message":"Cannot use \"parent\" when current class scope has no parent","file":"D:\\xampp\\htdocs\\bdsanviet\\wp-content\\plugins\\ninja-forms\\includes\\Abstracts\\Field.php","line":214}

Aug 04 2021 03:50:50
{"type":8192,"message":"Cannot use \"parent\" when current class scope has no parent","file":"D:\\xampp\\htdocs\\bdsanviet\\wp-content\\plugins\\ninja-forms\\includes\\Abstracts\\Field.php","line":214}

Aug 04 2021 03:50:51
{"type":8192,"message":"Cannot use \"parent\" when current class scope has no parent","file":"D:\\xampp\\htdocs\\bdsanviet\\wp-content\\plugins\\ninja-forms\\includes\\Abstracts\\Field.php","line":214}

Aug 04 2021 03:50:53
{"type":8192,"message":"Cannot use \"parent\" when current class scope has no parent","file":"D:\\xampp\\htdocs\\bdsanviet\\wp-content\\plugins\\ninja-forms\\includes\\Abstracts\\Field.php","line":214}

Aug 04 2021 03:50:55
{"type":8192,"message":"Cannot use \"parent\" when current class scope has no parent","file":"D:\\xampp\\htdocs\\bdsanviet\\wp-content\\plugins\\ninja-forms\\includes\\Abstracts\\Field.php","line":214}

Aug 04 2021 03:50:56
{"type":8192,"message":"Cannot use \"parent\" when current class scope has no parent","file":"D:\\xampp\\htdocs\\bdsanviet\\wp-content\\plugins\\ninja-forms\\includes\\Abstracts\\Field.php","line":214}

Aug 04 2021 03:50:57
{"type":8192,"message":"Cannot use \"parent\" when current class scope has no parent","file":"D:\\xampp\\htdocs\\bdsanviet\\wp-content\\plugins\\ninja-forms\\includes\\Abstracts\\Field.php","line":214}

Aug 04 2021 03:50:58
{"type":8192,"message":"Cannot use \"parent\" when current class scope has no parent","file":"D:\\xampp\\htdocs\\bdsanviet\\wp-content\\plugins\\ninja-forms\\includes\\Abstracts\\Field.php","line":214}

Aug 04 2021 03:50:59
{"type":8192,"message":"Cannot use \"parent\" when current class scope has no parent","file":"D:\\xampp\\htdocs\\bdsanviet\\wp-content\\plugins\\ninja-forms\\includes\\Abstracts\\Field.php","line":214}

Aug 04 2021 03:51:00
{"type":8192,"message":"Cannot use \"parent\" when current class scope has no parent","file":"D:\\xampp\\htdocs\\bdsanviet\\wp-content\\plugins\\ninja-forms\\includes\\Abstracts\\Field.php","line":214}

Aug 04 2021 03:51:01
{"type":8192,"message":"Cannot use \"parent\" when current class scope has no parent","file":"D:\\xampp\\htdocs\\bdsanviet\\wp-content\\plugins\\ninja-forms\\includes\\Abstracts\\Field.php","line":214}

Aug 04 2021 03:51:02
{"type":8192,"message":"Cannot use \"parent\" when current class scope has no parent","file":"D:\\xampp\\htdocs\\bdsanviet\\wp-content\\plugins\\ninja-forms\\includes\\Abstracts\\Field.php","line":214}

Aug 04 2021 03:51:03
{"type":8192,"message":"Cannot use \"parent\" when current class scope has no parent","file":"D:\\xampp\\htdocs\\bdsanviet\\wp-content\\plugins\\ninja-forms\\includes\\Abstracts\\Field.php","line":214}

Aug 04 2021 03:51:04
{"type":8192,"message":"Cannot use \"parent\" when current class scope has no parent","file":"D:\\xampp\\htdocs\\bdsanviet\\wp-content\\plugins\\ninja-forms\\includes\\Abstracts\\Field.php","line":214}

Aug 04 2021 03:51:05
{"type":8192,"message":"Cannot use \"parent\" when current class scope has no parent","file":"D:\\xampp\\htdocs\\bdsanviet\\wp-content\\plugins\\ninja-forms\\includes\\Abstracts\\Field.php","line":214}

Aug 04 2021 03:51:06
{"type":8192,"message":"Cannot use \"parent\" when current class scope has no parent","file":"D:\\xampp\\htdocs\\bdsanviet\\wp-content\\plugins\\ninja-forms\\includes\\Abstracts\\Field.php","line":214}

Aug 04 2021 03:51:06
{"type":8192,"message":"Cannot use \"parent\" when current class scope has no parent","file":"D:\\xampp\\htdocs\\bdsanviet\\wp-content\\plugins\\ninja-forms\\includes\\Abstracts\\Field.php","line":214}

Aug 04 2021 03:51:07
{"type":8192,"message":"Cannot use \"parent\" when current class scope has no parent","file":"D:\\xampp\\htdocs\\bdsanviet\\wp-content\\plugins\\ninja-forms\\includes\\Abstracts\\Field.php","line":214}

Aug 04 2021 03:51:08
{"type":8192,"message":"Cannot use \"parent\" when current class scope has no parent","file":"D:\\xampp\\htdocs\\bdsanviet\\wp-content\\plugins\\ninja-forms\\includes\\Abstracts\\Field.php","line":214}

Aug 04 2021 03:51:09
{"type":8192,"message":"Cannot use \"parent\" when current class scope has no parent","file":"D:\\xampp\\htdocs\\bdsanviet\\wp-content\\plugins\\ninja-forms\\includes\\Abstracts\\Field.php","line":214}

Aug 04 2021 03:51:10
{"type":8192,"message":"Cannot use \"parent\" when current class scope has no parent","file":"D:\\xampp\\htdocs\\bdsanviet\\wp-content\\plugins\\ninja-forms\\includes\\Abstracts\\Field.php","line":214}

Aug 04 2021 03:51:11
{"type":8192,"message":"Cannot use \"parent\" when current class scope has no parent","file":"D:\\xampp\\htdocs\\bdsanviet\\wp-content\\plugins\\ninja-forms\\includes\\Abstracts\\Field.php","line":214}

Aug 04 2021 03:51:12
{"type":8192,"message":"Cannot use \"parent\" when current class scope has no parent","file":"D:\\xampp\\htdocs\\bdsanviet\\wp-content\\plugins\\ninja-forms\\includes\\Abstracts\\Field.php","line":214}

Aug 04 2021 03:51:13
{"type":8192,"message":"Cannot use \"parent\" when current class scope has no parent","file":"D:\\xampp\\htdocs\\bdsanviet\\wp-content\\plugins\\ninja-forms\\includes\\Abstracts\\Field.php","line":214}

Aug 04 2021 03:51:14
{"type":8192,"message":"Cannot use \"parent\" when current class scope has no parent","file":"D:\\xampp\\htdocs\\bdsanviet\\wp-content\\plugins\\ninja-forms\\includes\\Abstracts\\Field.php","line":214}

Aug 04 2021 03:51:16
{"type":8192,"message":"Cannot use \"parent\" when current class scope has no parent","file":"D:\\xampp\\htdocs\\bdsanviet\\wp-content\\plugins\\ninja-forms\\includes\\Abstracts\\Field.php","line":214}

Aug 04 2021 03:51:17
{"type":8192,"message":"Cannot use \"parent\" when current class scope has no parent","file":"D:\\xampp\\htdocs\\bdsanviet\\wp-content\\plugins\\ninja-forms\\includes\\Abstracts\\Field.php","line":214}

Aug 04 2021 03:51:17
{"type":8192,"message":"Cannot use \"parent\" when current class scope has no parent","file":"D:\\xampp\\htdocs\\bdsanviet\\wp-content\\plugins\\ninja-forms\\includes\\Abstracts\\Field.php","line":214}

Aug 04 2021 03:51:18
{"type":8192,"message":"Cannot use \"parent\" when current class scope has no parent","file":"D:\\xampp\\htdocs\\bdsanviet\\wp-content\\plugins\\ninja-forms\\includes\\Abstracts\\Field.php","line":214}

Aug 04 2021 03:51:19
{"type":8192,"message":"Cannot use \"parent\" when current class scope has no parent","file":"D:\\xampp\\htdocs\\bdsanviet\\wp-content\\plugins\\ninja-forms\\includes\\Abstracts\\Field.php","line":214}

Aug 04 2021 03:51:20
{"type":8192,"message":"Cannot use \"parent\" when current class scope has no parent","file":"D:\\xampp\\htdocs\\bdsanviet\\wp-content\\plugins\\ninja-forms\\includes\\Abstracts\\Field.php","line":214}

Aug 04 2021 03:51:21
{"type":8192,"message":"Cannot use \"parent\" when current class scope has no parent","file":"D:\\xampp\\htdocs\\bdsanviet\\wp-content\\plugins\\ninja-forms\\includes\\Abstracts\\Field.php","line":214}

Aug 04 2021 03:51:22
{"type":8192,"message":"Cannot use \"parent\" when current class scope has no parent","file":"D:\\xampp\\htdocs\\bdsanviet\\wp-content\\plugins\\ninja-forms\\includes\\Abstracts\\Field.php","line":214}

Aug 04 2021 03:51:23
{"type":8192,"message":"Cannot use \"parent\" when current class scope has no parent","file":"D:\\xampp\\htdocs\\bdsanviet\\wp-content\\plugins\\ninja-forms\\includes\\Abstracts\\Field.php","line":214}

Aug 04 2021 03:51:24
{"type":8192,"message":"Cannot use \"parent\" when current class scope has no parent","file":"D:\\xampp\\htdocs\\bdsanviet\\wp-content\\plugins\\ninja-forms\\includes\\Abstracts\\Field.php","line":214}

Aug 04 2021 03:51:25
{"type":8192,"message":"Cannot use \"parent\" when current class scope has no parent","file":"D:\\xampp\\htdocs\\bdsanviet\\wp-content\\plugins\\ninja-forms\\includes\\Abstracts\\Field.php","line":214}

Aug 04 2021 03:51:26
{"type":8192,"message":"Cannot use \"parent\" when current class scope has no parent","file":"D:\\xampp\\htdocs\\bdsanviet\\wp-content\\plugins\\ninja-forms\\includes\\Abstracts\\Field.php","line":214}

Aug 04 2021 03:51:27
{"type":8192,"message":"Cannot use \"parent\" when current class scope has no parent","file":"D:\\xampp\\htdocs\\bdsanviet\\wp-content\\plugins\\ninja-forms\\includes\\Abstracts\\Field.php","line":214}

Aug 04 2021 03:51:28
{"type":8192,"message":"Cannot use \"parent\" when current class scope has no parent","file":"D:\\xampp\\htdocs\\bdsanviet\\wp-content\\plugins\\ninja-forms\\includes\\Abstracts\\Field.php","line":214}

Aug 04 2021 03:51:29
{"type":8192,"message":"Cannot use \"parent\" when current class scope has no parent","file":"D:\\xampp\\htdocs\\bdsanviet\\wp-content\\plugins\\ninja-forms\\includes\\Abstracts\\Field.php","line":214}

Aug 04 2021 03:51:30
{"type":8192,"message":"Cannot use \"parent\" when current class scope has no parent","file":"D:\\xampp\\htdocs\\bdsanviet\\wp-content\\plugins\\ninja-forms\\includes\\Abstracts\\Field.php","line":214}

Aug 04 2021 03:51:31
{"type":8192,"message":"Cannot use \"parent\" when current class scope has no parent","file":"D:\\xampp\\htdocs\\bdsanviet\\wp-content\\plugins\\ninja-forms\\includes\\Abstracts\\Field.php","line":214}

Aug 04 2021 03:51:32
{"type":8192,"message":"Cannot use \"parent\" when current class scope has no parent","file":"D:\\xampp\\htdocs\\bdsanviet\\wp-content\\plugins\\ninja-forms\\includes\\Abstracts\\Field.php","line":214}

Aug 04 2021 03:51:33
{"type":8192,"message":"Cannot use \"parent\" when current class scope has no parent","file":"D:\\xampp\\htdocs\\bdsanviet\\wp-content\\plugins\\ninja-forms\\includes\\Abstracts\\Field.php","line":214}

Aug 04 2021 03:51:34
{"type":8192,"message":"Cannot use \"parent\" when current class scope has no parent","file":"D:\\xampp\\htdocs\\bdsanviet\\wp-content\\plugins\\ninja-forms\\includes\\Abstracts\\Field.php","line":214}

Aug 04 2021 03:51:35
{"type":8192,"message":"Cannot use \"parent\" when current class scope has no parent","file":"D:\\xampp\\htdocs\\bdsanviet\\wp-content\\plugins\\ninja-forms\\includes\\Abstracts\\Field.php","line":214}

Aug 04 2021 03:51:36
{"type":8192,"message":"Cannot use \"parent\" when current class scope has no parent","file":"D:\\xampp\\htdocs\\bdsanviet\\wp-content\\plugins\\ninja-forms\\includes\\Abstracts\\Field.php","line":214}

Aug 04 2021 03:51:36
{"type":8192,"message":"Cannot use \"parent\" when current class scope has no parent","file":"D:\\xampp\\htdocs\\bdsanviet\\wp-content\\plugins\\ninja-forms\\includes\\Abstracts\\Field.php","line":214}

Aug 04 2021 03:51:37
{"type":8192,"message":"Cannot use \"parent\" when current class scope has no parent","file":"D:\\xampp\\htdocs\\bdsanviet\\wp-content\\plugins\\ninja-forms\\includes\\Abstracts\\Field.php","line":214}

Aug 04 2021 03:51:41
{"type":8192,"message":"Cannot use \"parent\" when current class scope has no parent","file":"D:\\xampp\\htdocs\\bdsanviet\\wp-content\\plugins\\ninja-forms\\includes\\Abstracts\\Field.php","line":214}

Aug 04 2021 03:55:09
{"type":8192,"message":"Cannot use \"parent\" when current class scope has no parent","file":"D:\\xampp\\htdocs\\bdsanviet\\wp-content\\plugins\\ninja-forms\\includes\\Abstracts\\Field.php","line":214}

Aug 04 2021 03:55:10
{"type":8192,"message":"Cannot use \"parent\" when current class scope has no parent","file":"D:\\xampp\\htdocs\\bdsanviet\\wp-content\\plugins\\ninja-forms\\includes\\Abstracts\\Field.php","line":214}

Aug 04 2021 03:55:10
{"type":8192,"message":"Cannot use \"parent\" when current class scope has no parent","file":"D:\\xampp\\htdocs\\bdsanviet\\wp-content\\plugins\\ninja-forms\\includes\\Abstracts\\Field.php","line":214}

Aug 04 2021 03:55:21
{"type":8192,"message":"Cannot use \"parent\" when current class scope has no parent","file":"D:\\xampp\\htdocs\\bdsanviet\\wp-content\\plugins\\ninja-forms\\includes\\Abstracts\\Field.php","line":214}

Aug 04 2021 03:55:23
{"type":2,"message":"Creating default object from empty value","file":"D:\\xampp\\htdocs\\bdsanviet\\wp-content\\themes\\hrm\\ReduxCore\\inc\\class.redux_filesystem.php","line":29}

Aug 04 2021 03:55:37
{"type":2,"message":"Creating default object from empty value","file":"D:\\xampp\\htdocs\\bdsanviet\\wp-content\\themes\\hrm\\ReduxCore\\inc\\class.redux_filesystem.php","line":29}

Aug 04 2021 03:55:44
{"type":2,"message":"Creating default object from empty value","file":"D:\\xampp\\htdocs\\bdsanviet\\wp-content\\themes\\hrm\\ReduxCore\\inc\\class.redux_filesystem.php","line":29}

Aug 04 2021 03:55:54
{"type":2,"message":"Creating default object from empty value","file":"D:\\xampp\\htdocs\\bdsanviet\\wp-content\\themes\\hrm\\ReduxCore\\inc\\class.redux_filesystem.php","line":29}

Aug 04 2021 03:55:56
{"type":2,"message":"Creating default object from empty value","file":"D:\\xampp\\htdocs\\bdsanviet\\wp-content\\themes\\hrm\\ReduxCore\\inc\\class.redux_filesystem.php","line":29}

Aug 04 2021 03:55:56
{"type":2,"message":"Creating default object from empty value","file":"D:\\xampp\\htdocs\\bdsanviet\\wp-content\\themes\\hrm\\ReduxCore\\inc\\class.redux_filesystem.php","line":29}

Aug 04 2021 03:55:58
{"type":2,"message":"Creating default object from empty value","file":"D:\\xampp\\htdocs\\bdsanviet\\wp-content\\themes\\hrm\\ReduxCore\\inc\\class.redux_filesystem.php","line":29}

Aug 04 2021 03:55:59
{"type":2,"message":"Creating default object from empty value","file":"D:\\xampp\\htdocs\\bdsanviet\\wp-content\\themes\\hrm\\ReduxCore\\inc\\class.redux_filesystem.php","line":29}

Aug 04 2021 03:56:01
{"type":2,"message":"Creating default object from empty value","file":"D:\\xampp\\htdocs\\bdsanviet\\wp-content\\themes\\hrm\\ReduxCore\\inc\\class.redux_filesystem.php","line":29}

Aug 04 2021 03:56:05
{"type":2,"message":"Creating default object from empty value","file":"D:\\xampp\\htdocs\\bdsanviet\\wp-content\\themes\\hrm\\ReduxCore\\inc\\class.redux_filesystem.php","line":29}

Aug 04 2021 03:56:08
{"type":8,"message":"Undefined index: hrm_api_map","file":"D:\\xampp\\htdocs\\bdsanviet\\wp-content\\themes\\hrm\\lib\\functions\\meta-boxes.php","line":381}

Aug 04 2021 03:56:10
{"type":8,"message":"Undefined index: hrm_api_map","file":"D:\\xampp\\htdocs\\bdsanviet\\wp-content\\themes\\hrm\\lib\\functions\\meta-boxes.php","line":381}

Aug 04 2021 04:56:44
{"type":8192,"message":"Cannot use \"parent\" when current class scope has no parent","file":"D:\\xampp\\htdocs\\bdsvietname\\wp-content\\plugins\\ninja-forms\\includes\\Abstracts\\Field.php","line":214}

Aug 04 2021 04:56:44
{"type":8192,"message":"Cannot use \"parent\" when current class scope has no parent","file":"D:\\xampp\\htdocs\\bdsvietname\\wp-content\\plugins\\ninja-forms\\includes\\Abstracts\\Field.php","line":214}

Aug 04 2021 04:56:45
{"type":8192,"message":"Cannot use \"parent\" when current class scope has no parent","file":"D:\\xampp\\htdocs\\bdsvietname\\wp-content\\plugins\\ninja-forms\\includes\\Abstracts\\Field.php","line":214}

Aug 04 2021 04:56:46
{"type":8192,"message":"Cannot use \"parent\" when current class scope has no parent","file":"D:\\xampp\\htdocs\\bdsvietname\\wp-content\\plugins\\ninja-forms\\includes\\Abstracts\\Field.php","line":214}

Aug 04 2021 04:56:48
{"type":8192,"message":"Cannot use \"parent\" when current class scope has no parent","file":"D:\\xampp\\htdocs\\bdsvietname\\wp-content\\plugins\\ninja-forms\\includes\\Abstracts\\Field.php","line":214}

Aug 04 2021 04:56:49
{"type":8192,"message":"Cannot use \"parent\" when current class scope has no parent","file":"D:\\xampp\\htdocs\\bdsvietname\\wp-content\\plugins\\ninja-forms\\includes\\Abstracts\\Field.php","line":214}

Aug 04 2021 04:56:50
{"type":8192,"message":"Cannot use \"parent\" when current class scope has no parent","file":"D:\\xampp\\htdocs\\bdsvietname\\wp-content\\plugins\\ninja-forms\\includes\\Abstracts\\Field.php","line":214}

Aug 04 2021 04:56:50
{"type":8192,"message":"Cannot use \"parent\" when current class scope has no parent","file":"D:\\xampp\\htdocs\\bdsvietname\\wp-content\\plugins\\ninja-forms\\includes\\Abstracts\\Field.php","line":214}

Aug 04 2021 04:56:51
{"type":8192,"message":"Cannot use \"parent\" when current class scope has no parent","file":"D:\\xampp\\htdocs\\bdsvietname\\wp-content\\plugins\\ninja-forms\\includes\\Abstracts\\Field.php","line":214}

Aug 04 2021 04:56:52
{"type":8192,"message":"Cannot use \"parent\" when current class scope has no parent","file":"D:\\xampp\\htdocs\\bdsvietname\\wp-content\\plugins\\ninja-forms\\includes\\Abstracts\\Field.php","line":214}

Aug 04 2021 04:56:52
{"type":8192,"message":"Cannot use \"parent\" when current class scope has no parent","file":"D:\\xampp\\htdocs\\bdsvietname\\wp-content\\plugins\\ninja-forms\\includes\\Abstracts\\Field.php","line":214}

Aug 04 2021 04:56:53
{"type":8192,"message":"Cannot use \"parent\" when current class scope has no parent","file":"D:\\xampp\\htdocs\\bdsvietname\\wp-content\\plugins\\ninja-forms\\includes\\Abstracts\\Field.php","line":214}

Aug 04 2021 04:56:54
{"type":8192,"message":"Cannot use \"parent\" when current class scope has no parent","file":"D:\\xampp\\htdocs\\bdsvietname\\wp-content\\plugins\\ninja-forms\\includes\\Abstracts\\Field.php","line":214}

Aug 04 2021 04:56:55
{"type":8192,"message":"Cannot use \"parent\" when current class scope has no parent","file":"D:\\xampp\\htdocs\\bdsvietname\\wp-content\\plugins\\ninja-forms\\includes\\Abstracts\\Field.php","line":214}

Aug 04 2021 04:56:56
{"type":8192,"message":"Cannot use \"parent\" when current class scope has no parent","file":"D:\\xampp\\htdocs\\bdsvietname\\wp-content\\plugins\\ninja-forms\\includes\\Abstracts\\Field.php","line":214}

Aug 04 2021 04:56:57
{"type":8192,"message":"Cannot use \"parent\" when current class scope has no parent","file":"D:\\xampp\\htdocs\\bdsvietname\\wp-content\\plugins\\ninja-forms\\includes\\Abstracts\\Field.php","line":214}

Aug 04 2021 04:56:57
{"type":8192,"message":"Cannot use \"parent\" when current class scope has no parent","file":"D:\\xampp\\htdocs\\bdsvietname\\wp-content\\plugins\\ninja-forms\\includes\\Abstracts\\Field.php","line":214}

Aug 04 2021 04:56:58
{"type":8192,"message":"Cannot use \"parent\" when current class scope has no parent","file":"D:\\xampp\\htdocs\\bdsvietname\\wp-content\\plugins\\ninja-forms\\includes\\Abstracts\\Field.php","line":214}

Aug 04 2021 04:56:59
{"type":8192,"message":"Cannot use \"parent\" when current class scope has no parent","file":"D:\\xampp\\htdocs\\bdsvietname\\wp-content\\plugins\\ninja-forms\\includes\\Abstracts\\Field.php","line":214}

Aug 04 2021 04:57:01
{"type":8192,"message":"Cannot use \"parent\" when current class scope has no parent","file":"D:\\xampp\\htdocs\\bdsvietname\\wp-content\\plugins\\ninja-forms\\includes\\Abstracts\\Field.php","line":214}

Aug 04 2021 04:57:01
{"type":8192,"message":"Cannot use \"parent\" when current class scope has no parent","file":"D:\\xampp\\htdocs\\bdsvietname\\wp-content\\plugins\\ninja-forms\\includes\\Abstracts\\Field.php","line":214}

Aug 04 2021 04:57:02
{"type":8192,"message":"Cannot use \"parent\" when current class scope has no parent","file":"D:\\xampp\\htdocs\\bdsvietname\\wp-content\\plugins\\ninja-forms\\includes\\Abstracts\\Field.php","line":214}

Aug 04 2021 04:57:03
{"type":8192,"message":"Cannot use \"parent\" when current class scope has no parent","file":"D:\\xampp\\htdocs\\bdsvietname\\wp-content\\plugins\\ninja-forms\\includes\\Abstracts\\Field.php","line":214}

Aug 04 2021 04:57:04
{"type":8192,"message":"Cannot use \"parent\" when current class scope has no parent","file":"D:\\xampp\\htdocs\\bdsvietname\\wp-content\\plugins\\ninja-forms\\includes\\Abstracts\\Field.php","line":214}

Aug 04 2021 04:57:05
{"type":8192,"message":"Cannot use \"parent\" when current class scope has no parent","file":"D:\\xampp\\htdocs\\bdsvietname\\wp-content\\plugins\\ninja-forms\\includes\\Abstracts\\Field.php","line":214}

Aug 04 2021 04:57:05
{"type":8192,"message":"Cannot use \"parent\" when current class scope has no parent","file":"D:\\xampp\\htdocs\\bdsvietname\\wp-content\\plugins\\ninja-forms\\includes\\Abstracts\\Field.php","line":214}

Aug 04 2021 04:57:06
{"type":8192,"message":"Cannot use \"parent\" when current class scope has no parent","file":"D:\\xampp\\htdocs\\bdsvietname\\wp-content\\plugins\\ninja-forms\\includes\\Abstracts\\Field.php","line":214}

Aug 04 2021 04:57:07
{"type":8192,"message":"Cannot use \"parent\" when current class scope has no parent","file":"D:\\xampp\\htdocs\\bdsvietname\\wp-content\\plugins\\ninja-forms\\includes\\Abstracts\\Field.php","line":214}

Aug 04 2021 04:57:08
{"type":8192,"message":"Cannot use \"parent\" when current class scope has no parent","file":"D:\\xampp\\htdocs\\bdsvietname\\wp-content\\plugins\\ninja-forms\\includes\\Abstracts\\Field.php","line":214}

Aug 04 2021 04:57:09
{"type":8192,"message":"Cannot use \"parent\" when current class scope has no parent","file":"D:\\xampp\\htdocs\\bdsvietname\\wp-content\\plugins\\ninja-forms\\includes\\Abstracts\\Field.php","line":214}

Aug 04 2021 04:57:09
{"type":8192,"message":"Cannot use \"parent\" when current class scope has no parent","file":"D:\\xampp\\htdocs\\bdsvietname\\wp-content\\plugins\\ninja-forms\\includes\\Abstracts\\Field.php","line":214}

Aug 04 2021 04:57:10
{"type":8192,"message":"Cannot use \"parent\" when current class scope has no parent","file":"D:\\xampp\\htdocs\\bdsvietname\\wp-content\\plugins\\ninja-forms\\includes\\Abstracts\\Field.php","line":214}

Aug 04 2021 04:57:11
{"type":8192,"message":"Cannot use \"parent\" when current class scope has no parent","file":"D:\\xampp\\htdocs\\bdsvietname\\wp-content\\plugins\\ninja-forms\\includes\\Abstracts\\Field.php","line":214}

Aug 04 2021 04:57:11
{"type":8192,"message":"Cannot use \"parent\" when current class scope has no parent","file":"D:\\xampp\\htdocs\\bdsvietname\\wp-content\\plugins\\ninja-forms\\includes\\Abstracts\\Field.php","line":214}

Aug 04 2021 04:57:12
{"type":8192,"message":"Cannot use \"parent\" when current class scope has no parent","file":"D:\\xampp\\htdocs\\bdsvietname\\wp-content\\plugins\\ninja-forms\\includes\\Abstracts\\Field.php","line":214}

Aug 04 2021 04:57:12
{"type":8192,"message":"Cannot use \"parent\" when current class scope has no parent","file":"D:\\xampp\\htdocs\\bdsvietname\\wp-content\\plugins\\ninja-forms\\includes\\Abstracts\\Field.php","line":214}

Aug 04 2021 04:57:13
{"type":8192,"message":"Cannot use \"parent\" when current class scope has no parent","file":"D:\\xampp\\htdocs\\bdsvietname\\wp-content\\plugins\\ninja-forms\\includes\\Abstracts\\Field.php","line":214}

Aug 04 2021 04:57:14
{"type":8192,"message":"Cannot use \"parent\" when current class scope has no parent","file":"D:\\xampp\\htdocs\\bdsvietname\\wp-content\\plugins\\ninja-forms\\includes\\Abstracts\\Field.php","line":214}

Aug 04 2021 04:57:14
{"type":8192,"message":"Cannot use \"parent\" when current class scope has no parent","file":"D:\\xampp\\htdocs\\bdsvietname\\wp-content\\plugins\\ninja-forms\\includes\\Abstracts\\Field.php","line":214}

Aug 04 2021 04:57:15
{"type":8192,"message":"Cannot use \"parent\" when current class scope has no parent","file":"D:\\xampp\\htdocs\\bdsvietname\\wp-content\\plugins\\ninja-forms\\includes\\Abstracts\\Field.php","line":214}

Aug 04 2021 04:57:16
{"type":8192,"message":"Cannot use \"parent\" when current class scope has no parent","file":"D:\\xampp\\htdocs\\bdsvietname\\wp-content\\plugins\\ninja-forms\\includes\\Abstracts\\Field.php","line":214}

Aug 04 2021 04:57:16
{"type":8192,"message":"Cannot use \"parent\" when current class scope has no parent","file":"D:\\xampp\\htdocs\\bdsvietname\\wp-content\\plugins\\ninja-forms\\includes\\Abstracts\\Field.php","line":214}

Aug 04 2021 04:57:17
{"type":8192,"message":"Cannot use \"parent\" when current class scope has no parent","file":"D:\\xampp\\htdocs\\bdsvietname\\wp-content\\plugins\\ninja-forms\\includes\\Abstracts\\Field.php","line":214}

Aug 04 2021 04:57:17
{"type":8192,"message":"Cannot use \"parent\" when current class scope has no parent","file":"D:\\xampp\\htdocs\\bdsvietname\\wp-content\\plugins\\ninja-forms\\includes\\Abstracts\\Field.php","line":214}

Aug 04 2021 04:57:18
{"type":8192,"message":"Cannot use \"parent\" when current class scope has no parent","file":"D:\\xampp\\htdocs\\bdsvietname\\wp-content\\plugins\\ninja-forms\\includes\\Abstracts\\Field.php","line":214}

Aug 04 2021 04:57:19
{"type":8192,"message":"Cannot use \"parent\" when current class scope has no parent","file":"D:\\xampp\\htdocs\\bdsvietname\\wp-content\\plugins\\ninja-forms\\includes\\Abstracts\\Field.php","line":214}

Aug 04 2021 04:57:19
{"type":8192,"message":"Cannot use \"parent\" when current class scope has no parent","file":"D:\\xampp\\htdocs\\bdsvietname\\wp-content\\plugins\\ninja-forms\\includes\\Abstracts\\Field.php","line":214}

Aug 04 2021 04:57:20
{"type":8192,"message":"Cannot use \"parent\" when current class scope has no parent","file":"D:\\xampp\\htdocs\\bdsvietname\\wp-content\\plugins\\ninja-forms\\includes\\Abstracts\\Field.php","line":214}

Aug 04 2021 04:57:20
{"type":8192,"message":"Cannot use \"parent\" when current class scope has no parent","file":"D:\\xampp\\htdocs\\bdsvietname\\wp-content\\plugins\\ninja-forms\\includes\\Abstracts\\Field.php","line":214}

Aug 04 2021 04:57:20
{"type":8192,"message":"Cannot use \"parent\" when current class scope has no parent","file":"D:\\xampp\\htdocs\\bdsvietname\\wp-content\\plugins\\ninja-forms\\includes\\Abstracts\\Field.php","line":214}

Aug 04 2021 04:57:24
{"type":8192,"message":"Cannot use \"parent\" when current class scope has no parent","file":"D:\\xampp\\htdocs\\bdsvietname\\wp-content\\plugins\\ninja-forms\\includes\\Abstracts\\Field.php","line":214}

Aug 04 2021 04:57:54
{"type":8192,"message":"Cannot use \"parent\" when current class scope has no parent","file":"D:\\xampp\\htdocs\\bdsvietname\\wp-content\\plugins\\ninja-forms\\includes\\Abstracts\\Field.php","line":214}

Aug 04 2021 04:57:55
{"type":8192,"message":"Cannot use \"parent\" when current class scope has no parent","file":"D:\\xampp\\htdocs\\bdsvietname\\wp-content\\plugins\\ninja-forms\\includes\\Abstracts\\Field.php","line":214}

Aug 04 2021 04:57:55
{"type":8192,"message":"Cannot use \"parent\" when current class scope has no parent","file":"D:\\xampp\\htdocs\\bdsvietname\\wp-content\\plugins\\ninja-forms\\includes\\Abstracts\\Field.php","line":214}

Aug 04 2021 04:58:05
{"type":8,"message":"Undefined index: hrm_api_map","file":"D:\\xampp\\htdocs\\bdsvietname\\wp-content\\themes\\hrm\\lib\\functions\\meta-boxes.php","line":381}

Aug 04 2021 04:58:06
{"type":8192,"message":"Cannot use \"parent\" when current class scope has no parent","file":"D:\\xampp\\htdocs\\bdsvietname\\wp-content\\plugins\\ninja-forms\\includes\\Abstracts\\Field.php","line":214}

Aug 04 2021 04:58:12
{"type":8,"message":"Undefined index: hrm_api_map","file":"D:\\xampp\\htdocs\\bdsvietname\\wp-content\\themes\\hrm\\lib\\functions\\meta-boxes.php","line":381}

Aug 04 2021 04:58:19
{"type":8,"message":"Undefined index: hrm_api_map","file":"D:\\xampp\\htdocs\\bdsvietname\\wp-content\\themes\\hrm\\lib\\functions\\meta-boxes.php","line":381}

Aug 04 2021 04:58:20
{"type":8,"message":"Undefined index: hrm_api_map","file":"D:\\xampp\\htdocs\\bdsvietname\\wp-content\\themes\\hrm\\lib\\functions\\meta-boxes.php","line":381}

Aug 04 2021 04:58:28
{"type":8,"message":"Undefined index: hrm_api_map","file":"D:\\xampp\\htdocs\\bdsvietname\\wp-content\\themes\\hrm\\lib\\functions\\meta-boxes.php","line":381}

Aug 04 2021 04:58:31
{"type":8,"message":"Undefined index: hrm_api_map","file":"D:\\xampp\\htdocs\\bdsvietname\\wp-content\\themes\\hrm\\lib\\functions\\meta-boxes.php","line":381}

Aug 04 2021 04:58:33
{"type":8,"message":"Undefined index: hrm_api_map","file":"D:\\xampp\\htdocs\\bdsvietname\\wp-content\\themes\\hrm\\lib\\functions\\meta-boxes.php","line":381}

Aug 04 2021 04:58:33
{"type":8,"message":"Undefined index: hrm_api_map","file":"D:\\xampp\\htdocs\\bdsvietname\\wp-content\\themes\\hrm\\lib\\functions\\meta-boxes.php","line":381}

Aug 04 2021 04:58:34
{"type":8,"message":"Undefined index: hrm_api_map","file":"D:\\xampp\\htdocs\\bdsvietname\\wp-content\\themes\\hrm\\lib\\functions\\meta-boxes.php","line":381}

Aug 04 2021 04:58:37
{"type":8,"message":"Undefined index: hrm_api_map","file":"D:\\xampp\\htdocs\\bdsvietname\\wp-content\\themes\\hrm\\lib\\functions\\meta-boxes.php","line":381}

Aug 04 2021 04:58:39
{"type":8,"message":"Undefined index: hrm_api_map","file":"D:\\xampp\\htdocs\\bdsvietname\\wp-content\\themes\\hrm\\lib\\functions\\meta-boxes.php","line":381}

Aug 04 2021 04:58:42
{"type":8,"message":"Undefined index: hrm_api_map","file":"D:\\xampp\\htdocs\\bdsvietname\\wp-content\\themes\\hrm\\lib\\functions\\meta-boxes.php","line":381}

Aug 04 2021 04:58:45
{"type":8,"message":"Undefined index: hrm_api_map","file":"D:\\xampp\\htdocs\\bdsvietname\\wp-content\\themes\\hrm\\lib\\functions\\meta-boxes.php","line":381}

